0 info it worked if it ends with ok
1 verbose cli [ '/Users/UKONN/.nodebrew/node/v5.6.0/bin/node',
1 verbose cli   '/Users/UKONN/.nodebrew/current/bin/npm',
1 verbose cli   'run',
1 verbose cli   'build' ]
2 info using npm@3.8.5
3 info using node@v5.6.0
4 verbose run-script [ 'prebuild', 'build', 'postbuild' ]
5 info lifecycle projectFolder@1.0.0~prebuild: projectFolder@1.0.0
6 silly lifecycle projectFolder@1.0.0~prebuild: no script for prebuild, continuing
7 info lifecycle projectFolder@1.0.0~build: projectFolder@1.0.0
8 verbose lifecycle projectFolder@1.0.0~build: unsafe-perm in lifecycle true
9 verbose lifecycle projectFolder@1.0.0~build: PATH: /Users/UKONN/.nodebrew/node/v5.6.0/lib/node_modules/npm/bin/node-gyp-bin:/Users/UKONN/Desktop/SLC_HP_Project/project_webpackReMake/node_modules/.bin:/Users/UKONN/.nodebrew/node/v5.6.0/bin:/Users/UKONN/.nodebrew/current/bin:/usr/local/opt/openssl/bin:/usr/local/opt/openssl/bin:/usr/local/opt/openssl/bin:/Users/UKONN/.nodebrew/current/bin:/usr/local/bin:/usr/bin:/bin:/usr/sbin:/sbin:/opt/X11/bin
10 verbose lifecycle projectFolder@1.0.0~build: CWD: /Users/UKONN/Desktop/SLC_HP_Project/project_webpackReMake
11 silly lifecycle projectFolder@1.0.0~build: Args: [ '-c', 'webpack --display-modules true' ]
12 silly lifecycle projectFolder@1.0.0~build: Returned: code: 2  signal: null
13 info lifecycle projectFolder@1.0.0~build: Failed to exec build script
14 verbose stack Error: projectFolder@1.0.0 build: `webpack --display-modules true`
14 verbose stack Exit status 2
14 verbose stack     at EventEmitter.<anonymous> (/Users/UKONN/.nodebrew/node/v5.6.0/lib/node_modules/npm/lib/utils/lifecycle.js:239:16)
14 verbose stack     at emitTwo (events.js:100:13)
14 verbose stack     at EventEmitter.emit (events.js:185:7)
14 verbose stack     at ChildProcess.<anonymous> (/Users/UKONN/.nodebrew/node/v5.6.0/lib/node_modules/npm/lib/utils/spawn.js:24:14)
14 verbose stack     at emitTwo (events.js:100:13)
14 verbose stack     at ChildProcess.emit (events.js:185:7)
14 verbose stack     at maybeClose (internal/child_process.js:827:16)
14 verbose stack     at Process.ChildProcess._handle.onexit (internal/child_process.js:211:5)
15 verbose pkgid projectFolder@1.0.0
16 verbose cwd /Users/UKONN/Desktop/SLC_HP_Project/project_webpackReMake
17 error Darwin 17.4.0
18 error argv "/Users/UKONN/.nodebrew/node/v5.6.0/bin/node" "/Users/UKONN/.nodebrew/current/bin/npm" "run" "build"
19 error node v5.6.0
20 error npm  v3.8.5
21 error code ELIFECYCLE
22 error projectFolder@1.0.0 build: `webpack --display-modules true`
22 error Exit status 2
23 error Failed at the projectFolder@1.0.0 build script 'webpack --display-modules true'.
23 error Make sure you have the latest version of node.js and npm installed.
23 error If you do, this is most likely a problem with the projectFolder package,
23 error not with npm itself.
23 error Tell the author that this fails on your system:
23 error     webpack --display-modules true
23 error You can get information on how to open an issue for this project with:
23 error     npm bugs projectFolder
23 error Or if that isn't available, you can get their info via:
23 error     npm owner ls projectFolder
23 error There is likely additional logging output above.
24 verbose exit [ 1, true ]
